c:\users\student\source\repos\3d(cat)\debug\vc142.pdb
c:\users\student\source\repos\3d(cat)\debug\vc142.idb
c:\users\student\source\repos\3d(cat)\debug\wall.obj
c:\users\student\source\repos\3d(cat)\debug\title.obj
c:\users\student\source\repos\3d(cat)\debug\sound.obj
c:\users\student\source\repos\3d(cat)\debug\shadow.obj
c:\users\student\source\repos\3d(cat)\debug\result.obj
c:\users\student\source\repos\3d(cat)\debug\pause.obj
c:\users\student\source\repos\3d(cat)\debug\meshfield.obj
c:\users\student\source\repos\3d(cat)\debug\meshcylinder.obj
c:\users\student\source\repos\3d(cat)\debug\main.obj
c:\users\student\source\repos\3d(cat)\debug\light.obj
c:\users\student\source\repos\3d(cat)\debug\input.obj
c:\users\student\source\repos\3d(cat)\debug\game.obj
c:\users\student\source\repos\3d(cat)\debug\fade.obj
c:\users\student\source\repos\3d(cat)\debug\explosion.obj
c:\users\student\source\repos\3d(cat)\debug\enemy.obj
c:\users\student\source\repos\3d(cat)\debug\camera.obj
c:\users\student\source\repos\3d(cat)\debug\bullet.obj
c:\users\student\source\repos\3d(cat)\debug\backgraund.obj
c:\users\student\source\repos\3d(cat)\debug\wave.obj
c:\users\student\source\repos\3d(cat)\debug\player.obj
c:\users\student\source\repos\3d(cat)\debug\effect.obj
c:\users\student\source\repos\3d(cat)\3d(cat).exe
c:\users\student\source\repos\3d(cat)\debug\3d(cat).ilk
c:\users\student\source\repos\3d(cat)\3d(cat).pdb
c:\users\student\source\repos\3d(cat)\debug\enemy.obj.enc
c:\users\student\source\repos\3d(cat)\debug\player.obj.enc
c:\users\student\source\repos\3d(cat)\debug\3d(cat).pdb
c:\users\student\source\repos\3d(cat)\debug\3d(cat).tlog\cl.command.1.tlog
c:\users\student\source\repos\3d(cat)\debug\3d(cat).tlog\cl.read.1.tlog
c:\users\student\source\repos\3d(cat)\debug\3d(cat).tlog\cl.write.1.tlog
c:\users\student\source\repos\3d(cat)\debug\3d(cat).tlog\link.command.1.tlog
c:\users\student\source\repos\3d(cat)\debug\3d(cat).tlog\link.read.1.tlog
c:\users\student\source\repos\3d(cat)\debug\3d(cat).tlog\link.write.1.tlog
